2026-03-03 16:46:40 [INFO] pid=14958 Run started
2026-03-03 16:46:40 [INFO] pid=14958 Config: input=/Users/computerk/Library/CloudStorage/Dropbox/Apps/Editorial/0_JALC/0_github/psy-132/exam_2_learning_memory_thinking/10_learning_text.md output=/Users/computerk/Library/CloudStorage/Dropbox/Apps/Editorial/0_JALC/0_github/psy-132/exam_2_learning_memory_thinking/10_learning_text_output.pdf level=core overwrite=False dry_run=False keep_temp=False log_file=/Users/computerk/Library/CloudStorage/Dropbox/Apps/Editorial/0_JALC/0_github/psy-132/exam_2_learning_memory_thinking/pdf_accessibility_build.log
2026-03-03 16:46:40 [INFO] pid=14958 Tooling: pandoc=/opt/homebrew/bin/pandoc lualatex=/Library/TeX/texbin/lualatex-dev context=/Library/TeX/texbin/context libreoffice=/Applications/LibreOffice.app/Contents/MacOS/soffice verapdf=None
2026-03-03 16:46:40 [INFO] pid=14958 RUN start: /opt/homebrew/bin/pandoc --standalone -V lang=en-US -V pdfstandard=ua-2 --pdf-engine /Library/TeX/texbin/lualatex-dev /Users/computerk/Library/CloudStorage/Dropbox/Apps/Editorial/0_JALC/0_github/psy-132/exam_2_learning_memory_thinking/10_learning_text.md -o /Users/computerk/Library/CloudStorage/Dropbox/Apps/Editorial/0_JALC/0_github/psy-132/exam_2_learning_memory_thinking/10_learning_text_output.pdf
2026-03-03 16:46:40 [INFO] pid=14958 RUN end: rc=64 duration=0.282s cmd=/opt/homebrew/bin/pandoc --standalone -V lang=en-US -V pdfstandard=ua-2 --pdf-engine /Library/TeX/texbin/lualatex-dev /Users/computerk/Library/CloudStorage/Dropbox/Apps/Editorial/0_JALC/0_github/psy-132/exam_2_learning_memory_thinking/10_learning_text.md -o /Users/computerk/Library/CloudStorage/Dropbox/Apps/Editorial/0_JALC/0_github/psy-132/exam_2_learning_memory_thinking/10_learning_text_output.pdf
2026-03-03 16:46:40 [INFO] pid=14958 RUN start: /opt/homebrew/bin/pandoc --standalone -V lang=en-US -t context+tagging /Users/computerk/Library/CloudStorage/Dropbox/Apps/Editorial/0_JALC/0_github/psy-132/exam_2_learning_memory_thinking/10_learning_text.md -o /Users/computerk/Library/CloudStorage/Dropbox/Apps/Editorial/0_JALC/0_github/psy-132/exam_2_learning_memory_thinking/10_learning_text_output.pdf
2026-03-03 16:46:40 [INFO] pid=14958 RUN end: rc=64 duration=0.043s cmd=/opt/homebrew/bin/pandoc --standalone -V lang=en-US -t context+tagging /Users/computerk/Library/CloudStorage/Dropbox/Apps/Editorial/0_JALC/0_github/psy-132/exam_2_learning_memory_thinking/10_learning_text.md -o /Users/computerk/Library/CloudStorage/Dropbox/Apps/Editorial/0_JALC/0_github/psy-132/exam_2_learning_memory_thinking/10_learning_text_output.pdf
2026-03-03 16:46:40 [INFO] pid=14958 RUN start: /opt/homebrew/bin/pandoc --standalone -V lang=en-US /Users/computerk/Library/CloudStorage/Dropbox/Apps/Editorial/0_JALC/0_github/psy-132/exam_2_learning_memory_thinking/10_learning_text.md -o /var/folders/yr/3lylj85x4j5135mwj9zngf2m0000gn/T/pdf_accessibility_build_jnnf4pbr/10_learning_text.docx
2026-03-03 16:46:40 [INFO] pid=14958 RUN end: rc=64 duration=0.030s cmd=/opt/homebrew/bin/pandoc --standalone -V lang=en-US /Users/computerk/Library/CloudStorage/Dropbox/Apps/Editorial/0_JALC/0_github/psy-132/exam_2_learning_memory_thinking/10_learning_text.md -o /var/folders/yr/3lylj85x4j5135mwj9zngf2m0000gn/T/pdf_accessibility_build_jnnf4pbr/10_learning_text.docx
2026-03-03 16:46:40 [ERROR] pid=14958 Run finished: failures detected. exit_code=1
2026-03-03 16:48:11 [ERROR] pid=15463 Primary log path unavailable (/Users/computerk/Library/CloudStorage/Dropbox/Apps/Editorial/0_JALC/0_github/psy-132/exam_2_learning_memory_thinking); falling back to /Users/computerk/Library/CloudStorage/Dropbox/Apps/Editorial/0_JALC/0_github/psy-132/exam_2_learning_memory_thinking/pdf_accessibility_build.log
Traceback (most recent call last):
  File "/Users/computerk/Library/CloudStorage/Dropbox/0_VSCode/Python/converters/md_converter_updated.py", line 747, in main
    _setup_logging(active_log_path)
  File "/Users/computerk/Library/CloudStorage/Dropbox/0_VSCode/Python/converters/md_converter_updated.py", line 204, in _setup_logging
    handler = logging.FileHandler(log_path, mode="a", encoding="utf-8")
              ^^^^^^^^^^^^^^^^^^^^^^^^^^^^^^^^^^^^^^^^^^^^^^^^^^^^^^^^^
  File "/opt/homebrew/Cellar/python@3.11/3.11.14_2/Frameworks/Python.framework/Versions/3.11/lib/python3.11/logging/__init__.py", line 1181, in __init__
    StreamHandler.__init__(self, self._open())
                                 ^^^^^^^^^^^^
  File "/opt/homebrew/Cellar/python@3.11/3.11.14_2/Frameworks/Python.framework/Versions/3.11/lib/python3.11/logging/__init__.py", line 1213, in _open
    return open_func(self.baseFilename, self.mode,
           ^^^^^^^^^^^^^^^^^^^^^^^^^^^^^^^^^^^^^^^
IsADirectoryError: [Errno 21] Is a directory: '/Users/computerk/Library/CloudStorage/Dropbox/Apps/Editorial/0_JALC/0_github/psy-132/exam_2_learning_memory_thinking'
2026-03-03 16:48:11 [INFO] pid=15463 Run started
2026-03-03 16:48:11 [INFO] pid=15463 Config: input=/Users/computerk/Library/CloudStorage/Dropbox/Apps/Editorial/0_JALC/0_github/psy-132/exam_2_learning_memory_thinking/10_learning_text.md output=/Users/computerk/Library/CloudStorage/Dropbox/Apps/Editorial/0_JALC/0_github/psy-132/exam_2_learning_memory_thinking/10_learning_text_output.pdf level=core overwrite=False dry_run=False keep_temp=False log_file=/Users/computerk/Library/CloudStorage/Dropbox/Apps/Editorial/0_JALC/0_github/psy-132/exam_2_learning_memory_thinking/pdf_accessibility_build.log
2026-03-03 16:48:11 [INFO] pid=15463 Tooling: pandoc=/opt/homebrew/bin/pandoc lualatex=/Library/TeX/texbin/lualatex-dev context=/Library/TeX/texbin/context libreoffice=/Applications/LibreOffice.app/Contents/MacOS/soffice verapdf=None
2026-03-03 16:48:11 [INFO] pid=15463 RUN start: /opt/homebrew/bin/pandoc --standalone -V lang=en-US -V pdfstandard=ua-2 --pdf-engine /Library/TeX/texbin/lualatex-dev /Users/computerk/Library/CloudStorage/Dropbox/Apps/Editorial/0_JALC/0_github/psy-132/exam_2_learning_memory_thinking/10_learning_text.md -o /Users/computerk/Library/CloudStorage/Dropbox/Apps/Editorial/0_JALC/0_github/psy-132/exam_2_learning_memory_thinking/10_learning_text_output.pdf
2026-03-03 16:48:11 [INFO] pid=15463 RUN end: rc=64 duration=0.043s cmd=/opt/homebrew/bin/pandoc --standalone -V lang=en-US -V pdfstandard=ua-2 --pdf-engine /Library/TeX/texbin/lualatex-dev /Users/computerk/Library/CloudStorage/Dropbox/Apps/Editorial/0_JALC/0_github/psy-132/exam_2_learning_memory_thinking/10_learning_text.md -o /Users/computerk/Library/CloudStorage/Dropbox/Apps/Editorial/0_JALC/0_github/psy-132/exam_2_learning_memory_thinking/10_learning_text_output.pdf
2026-03-03 16:48:11 [INFO] pid=15463 RUN start: /opt/homebrew/bin/pandoc --standalone -V lang=en-US -t context+tagging /Users/computerk/Library/CloudStorage/Dropbox/Apps/Editorial/0_JALC/0_github/psy-132/exam_2_learning_memory_thinking/10_learning_text.md -o /Users/computerk/Library/CloudStorage/Dropbox/Apps/Editorial/0_JALC/0_github/psy-132/exam_2_learning_memory_thinking/10_learning_text_output.pdf
2026-03-03 16:48:11 [INFO] pid=15463 RUN end: rc=64 duration=0.045s cmd=/opt/homebrew/bin/pandoc --standalone -V lang=en-US -t context+tagging /Users/computerk/Library/CloudStorage/Dropbox/Apps/Editorial/0_JALC/0_github/psy-132/exam_2_learning_memory_thinking/10_learning_text.md -o /Users/computerk/Library/CloudStorage/Dropbox/Apps/Editorial/0_JALC/0_github/psy-132/exam_2_learning_memory_thinking/10_learning_text_output.pdf
2026-03-03 16:48:11 [INFO] pid=15463 RUN start: /opt/homebrew/bin/pandoc --standalone -V lang=en-US /Users/computerk/Library/CloudStorage/Dropbox/Apps/Editorial/0_JALC/0_github/psy-132/exam_2_learning_memory_thinking/10_learning_text.md -o /var/folders/yr/3lylj85x4j5135mwj9zngf2m0000gn/T/pdf_accessibility_build_4hhqbgi_/10_learning_text.docx
2026-03-03 16:48:11 [INFO] pid=15463 RUN end: rc=64 duration=0.041s cmd=/opt/homebrew/bin/pandoc --standalone -V lang=en-US /Users/computerk/Library/CloudStorage/Dropbox/Apps/Editorial/0_JALC/0_github/psy-132/exam_2_learning_memory_thinking/10_learning_text.md -o /var/folders/yr/3lylj85x4j5135mwj9zngf2m0000gn/T/pdf_accessibility_build_4hhqbgi_/10_learning_text.docx
2026-03-03 16:48:11 [ERROR] pid=15463 Run finished: failures detected. exit_code=1
2026-03-03 16:48:24 [INFO] pid=15741 Run started
2026-03-03 16:48:24 [INFO] pid=15741 Config: input=/Users/computerk/Library/CloudStorage/Dropbox/Apps/Editorial/0_JALC/0_github/psy-132/exam_2_learning_memory_thinking/10_learning_text.md output=/Users/computerk/Library/CloudStorage/Dropbox/Apps/Editorial/0_JALC/0_github/psy-132/exam_2_learning_memory_thinking/10_learning_text_output.pdf level=core overwrite=False dry_run=False keep_temp=False log_file=/Users/computerk/Library/CloudStorage/Dropbox/Apps/Editorial/0_JALC/0_github/psy-132/exam_2_learning_memory_thinking/pdf_accessibility_build.log
2026-03-03 16:48:24 [INFO] pid=15741 Tooling: pandoc=/opt/homebrew/bin/pandoc lualatex=/Library/TeX/texbin/lualatex-dev context=/Library/TeX/texbin/context libreoffice=/Applications/LibreOffice.app/Contents/MacOS/soffice verapdf=None
2026-03-03 16:48:24 [INFO] pid=15741 RUN start: /opt/homebrew/bin/pandoc --standalone -V lang=en-US -V pdfstandard=ua-2 --pdf-engine /Library/TeX/texbin/lualatex-dev /Users/computerk/Library/CloudStorage/Dropbox/Apps/Editorial/0_JALC/0_github/psy-132/exam_2_learning_memory_thinking/10_learning_text.md -o /Users/computerk/Library/CloudStorage/Dropbox/Apps/Editorial/0_JALC/0_github/psy-132/exam_2_learning_memory_thinking/10_learning_text_output.pdf
2026-03-03 16:48:24 [INFO] pid=15741 RUN end: rc=64 duration=0.043s cmd=/opt/homebrew/bin/pandoc --standalone -V lang=en-US -V pdfstandard=ua-2 --pdf-engine /Library/TeX/texbin/lualatex-dev /Users/computerk/Library/CloudStorage/Dropbox/Apps/Editorial/0_JALC/0_github/psy-132/exam_2_learning_memory_thinking/10_learning_text.md -o /Users/computerk/Library/CloudStorage/Dropbox/Apps/Editorial/0_JALC/0_github/psy-132/exam_2_learning_memory_thinking/10_learning_text_output.pdf
2026-03-03 16:48:24 [INFO] pid=15741 RUN start: /opt/homebrew/bin/pandoc --standalone -V lang=en-US -t context+tagging /Users/computerk/Library/CloudStorage/Dropbox/Apps/Editorial/0_JALC/0_github/psy-132/exam_2_learning_memory_thinking/10_learning_text.md -o /Users/computerk/Library/CloudStorage/Dropbox/Apps/Editorial/0_JALC/0_github/psy-132/exam_2_learning_memory_thinking/10_learning_text_output.pdf
2026-03-03 16:48:24 [INFO] pid=15741 RUN end: rc=64 duration=0.046s cmd=/opt/homebrew/bin/pandoc --standalone -V lang=en-US -t context+tagging /Users/computerk/Library/CloudStorage/Dropbox/Apps/Editorial/0_JALC/0_github/psy-132/exam_2_learning_memory_thinking/10_learning_text.md -o /Users/computerk/Library/CloudStorage/Dropbox/Apps/Editorial/0_JALC/0_github/psy-132/exam_2_learning_memory_thinking/10_learning_text_output.pdf
2026-03-03 16:48:24 [INFO] pid=15741 RUN start: /opt/homebrew/bin/pandoc --standalone -V lang=en-US /Users/computerk/Library/CloudStorage/Dropbox/Apps/Editorial/0_JALC/0_github/psy-132/exam_2_learning_memory_thinking/10_learning_text.md -o /var/folders/yr/3lylj85x4j5135mwj9zngf2m0000gn/T/pdf_accessibility_build_14ufpnx4/10_learning_text.docx
2026-03-03 16:48:24 [INFO] pid=15741 RUN end: rc=64 duration=0.030s cmd=/opt/homebrew/bin/pandoc --standalone -V lang=en-US /Users/computerk/Library/CloudStorage/Dropbox/Apps/Editorial/0_JALC/0_github/psy-132/exam_2_learning_memory_thinking/10_learning_text.md -o /var/folders/yr/3lylj85x4j5135mwj9zngf2m0000gn/T/pdf_accessibility_build_14ufpnx4/10_learning_text.docx
2026-03-03 16:48:24 [ERROR] pid=15741 Run finished: failures detected. exit_code=1
2026-03-03 16:48:44 [INFO] pid=15987 Run started
2026-03-03 16:48:44 [INFO] pid=15987 Config: input=/Users/computerk/Library/CloudStorage/Dropbox/Apps/Editorial/0_JALC/0_github/psy-132/exam_2_learning_memory_thinking/10_learning_text.md output=/Users/computerk/Library/CloudStorage/Dropbox/Apps/Editorial/0_JALC/0_github/psy-132/exam_2_learning_memory_thinking/10_learning_text_output.pdf level=core overwrite=False dry_run=False keep_temp=False log_file=/Users/computerk/Library/CloudStorage/Dropbox/Apps/Editorial/0_JALC/0_github/psy-132/exam_2_learning_memory_thinking/pdf_accessibility_build.log
2026-03-03 16:48:44 [INFO] pid=15987 Tooling: pandoc=/opt/homebrew/bin/pandoc lualatex=/Library/TeX/texbin/lualatex-dev context=/Library/TeX/texbin/context libreoffice=/Applications/LibreOffice.app/Contents/MacOS/soffice verapdf=None
2026-03-03 16:48:44 [INFO] pid=15987 RUN start: /opt/homebrew/bin/pandoc --standalone -V lang=en-US -V pdfstandard=ua-2 --pdf-engine /Library/TeX/texbin/lualatex-dev /Users/computerk/Library/CloudStorage/Dropbox/Apps/Editorial/0_JALC/0_github/psy-132/exam_2_learning_memory_thinking/10_learning_text.md -o /Users/computerk/Library/CloudStorage/Dropbox/Apps/Editorial/0_JALC/0_github/psy-132/exam_2_learning_memory_thinking/10_learning_text_output.pdf
2026-03-03 16:48:44 [INFO] pid=15987 RUN end: rc=64 duration=0.393s cmd=/opt/homebrew/bin/pandoc --standalone -V lang=en-US -V pdfstandard=ua-2 --pdf-engine /Library/TeX/texbin/lualatex-dev /Users/computerk/Library/CloudStorage/Dropbox/Apps/Editorial/0_JALC/0_github/psy-132/exam_2_learning_memory_thinking/10_learning_text.md -o /Users/computerk/Library/CloudStorage/Dropbox/Apps/Editorial/0_JALC/0_github/psy-132/exam_2_learning_memory_thinking/10_learning_text_output.pdf
2026-03-03 16:48:44 [INFO] pid=15987 RUN start: /opt/homebrew/bin/pandoc --standalone -V lang=en-US -t context+tagging /Users/computerk/Library/CloudStorage/Dropbox/Apps/Editorial/0_JALC/0_github/psy-132/exam_2_learning_memory_thinking/10_learning_text.md -o /Users/computerk/Library/CloudStorage/Dropbox/Apps/Editorial/0_JALC/0_github/psy-132/exam_2_learning_memory_thinking/10_learning_text_output.pdf
2026-03-03 16:48:44 [INFO] pid=15987 RUN end: rc=64 duration=0.044s cmd=/opt/homebrew/bin/pandoc --standalone -V lang=en-US -t context+tagging /Users/computerk/Library/CloudStorage/Dropbox/Apps/Editorial/0_JALC/0_github/psy-132/exam_2_learning_memory_thinking/10_learning_text.md -o /Users/computerk/Library/CloudStorage/Dropbox/Apps/Editorial/0_JALC/0_github/psy-132/exam_2_learning_memory_thinking/10_learning_text_output.pdf
2026-03-03 16:48:44 [INFO] pid=15987 RUN start: /opt/homebrew/bin/pandoc --standalone -V lang=en-US /Users/computerk/Library/CloudStorage/Dropbox/Apps/Editorial/0_JALC/0_github/psy-132/exam_2_learning_memory_thinking/10_learning_text.md -o /var/folders/yr/3lylj85x4j5135mwj9zngf2m0000gn/T/pdf_accessibility_build_5ebnxcbw/10_learning_text.docx
2026-03-03 16:48:44 [INFO] pid=15987 RUN end: rc=64 duration=0.067s cmd=/opt/homebrew/bin/pandoc --standalone -V lang=en-US /Users/computerk/Library/CloudStorage/Dropbox/Apps/Editorial/0_JALC/0_github/psy-132/exam_2_learning_memory_thinking/10_learning_text.md -o /var/folders/yr/3lylj85x4j5135mwj9zngf2m0000gn/T/pdf_accessibility_build_5ebnxcbw/10_learning_text.docx
2026-03-03 16:48:44 [ERROR] pid=15987 Run finished: failures detected. exit_code=1
2026-03-03 16:52:53 [INFO] pid=16959 Run started
2026-03-03 16:52:53 [INFO] pid=16959 Config: input=/Users/computerk/Library/CloudStorage/Dropbox/Apps/Editorial/0_JALC/0_github/psy-132/exam_2_learning_memory_thinking/10_learning_text.md output=/Users/computerk/Library/CloudStorage/Dropbox/Apps/Editorial/0_JALC/0_github/psy-132/exam_2_learning_memory_thinking/10_learning_text_output.pdf level=core overwrite=False dry_run=False keep_temp=False log_file=/Users/computerk/Library/CloudStorage/Dropbox/Apps/Editorial/0_JALC/0_github/psy-132/exam_2_learning_memory_thinking/pdf_accessibility_build.log
2026-03-03 16:52:53 [INFO] pid=16959 Tooling: pandoc=/opt/homebrew/bin/pandoc lualatex=/Library/TeX/texbin/lualatex-dev context=/Library/TeX/texbin/context libreoffice=/Applications/LibreOffice.app/Contents/MacOS/soffice verapdf=None
2026-03-03 16:52:53 [INFO] pid=16959 RUN start: /opt/homebrew/bin/pandoc --standalone -V lang=en-US -V pdfstandard=ua-2 --pdf-engine /Library/TeX/texbin/lualatex-dev /Users/computerk/Library/CloudStorage/Dropbox/Apps/Editorial/0_JALC/0_github/psy-132/exam_2_learning_memory_thinking/10_learning_text.md -o /Users/computerk/Library/CloudStorage/Dropbox/Apps/Editorial/0_JALC/0_github/psy-132/exam_2_learning_memory_thinking/10_learning_text_output.pdf
2026-03-03 16:52:54 [INFO] pid=16959 RUN end: rc=64 duration=0.354s cmd=/opt/homebrew/bin/pandoc --standalone -V lang=en-US -V pdfstandard=ua-2 --pdf-engine /Library/TeX/texbin/lualatex-dev /Users/computerk/Library/CloudStorage/Dropbox/Apps/Editorial/0_JALC/0_github/psy-132/exam_2_learning_memory_thinking/10_learning_text.md -o /Users/computerk/Library/CloudStorage/Dropbox/Apps/Editorial/0_JALC/0_github/psy-132/exam_2_learning_memory_thinking/10_learning_text_output.pdf
2026-03-03 16:52:54 [ERROR] pid=16959 RUN stderr (first 4 lines):
2026-03-03 16:52:54 [ERROR] pid=16959   Error parsing YAML metadata at "/Users/computerk/Library/CloudStorage/Dropbox/Apps/Editorial/0_JALC/0_github/psy-132/exam_2_learning_memory_thinking/10_learning_text.md" (line 4, column 1):
2026-03-03 16:52:54 [ERROR] pid=16959   YAML parse exception at line 3, column 1,
2026-03-03 16:52:54 [ERROR] pid=16959   while scanning a tag:
2026-03-03 16:52:54 [ERROR] pid=16959   did not find expected whitespace or line break
2026-03-03 16:52:54 [WARNING] pid=16959 YAML metadata parse error; retrying LuaLaTeX PDF/UA with YAML metadata parsing disabled.
2026-03-03 16:52:54 [INFO] pid=16959 RUN start: /opt/homebrew/bin/pandoc --standalone -V lang=en-US --from markdown-yaml_metadata_block -V pdfstandard=ua-2 --pdf-engine /Library/TeX/texbin/lualatex-dev /Users/computerk/Library/CloudStorage/Dropbox/Apps/Editorial/0_JALC/0_github/psy-132/exam_2_learning_memory_thinking/10_learning_text.md -o /Users/computerk/Library/CloudStorage/Dropbox/Apps/Editorial/0_JALC/0_github/psy-132/exam_2_learning_memory_thinking/10_learning_text_output.pdf
2026-03-03 16:52:55 [INFO] pid=16959 RUN end: rc=43 duration=1.536s cmd=/opt/homebrew/bin/pandoc --standalone -V lang=en-US --from markdown-yaml_metadata_block -V pdfstandard=ua-2 --pdf-engine /Library/TeX/texbin/lualatex-dev /Users/computerk/Library/CloudStorage/Dropbox/Apps/Editorial/0_JALC/0_github/psy-132/exam_2_learning_memory_thinking/10_learning_text.md -o /Users/computerk/Library/CloudStorage/Dropbox/Apps/Editorial/0_JALC/0_github/psy-132/exam_2_learning_memory_thinking/10_learning_text_output.pdf
2026-03-03 16:52:55 [ERROR] pid=16959 RUN stderr (first 12 lines):
2026-03-03 16:52:55 [ERROR] pid=16959   [WARNING] Could not fetch resource https://s3-us-west-2.amazonaws.com/courses-images-archive-read-only/wp-content/uploads/sites/902/2015/02/23224750/CNX_Psych_06_00_Turtles.jpg: HttpExceptionRequest Request {
2026-03-03 16:52:55 [ERROR] pid=16959       host                 = "s3-us-west-2.amazonaws.com"
2026-03-03 16:52:55 [ERROR] pid=16959       port                 = 443
2026-03-03 16:52:55 [ERROR] pid=16959       secure               = True
2026-03-03 16:52:55 [ERROR] pid=16959       requestHeaders       = []
2026-03-03 16:52:55 [ERROR] pid=16959       path                 = "/courses-images-archive-read-only/wp-content/uploads/sites/902/2015/02/23224750/CNX_Psych_06_00_Turtles.jpg"
2026-03-03 16:52:55 [ERROR] pid=16959       queryString          = ""
2026-03-03 16:52:55 [ERROR] pid=16959       method               = "GET"
2026-03-03 16:52:55 [ERROR] pid=16959       proxy                = Nothing
2026-03-03 16:52:55 [ERROR] pid=16959       rawBody              = False
2026-03-03 16:52:55 [ERROR] pid=16959       redirectCount        = 10
2026-03-03 16:52:55 [ERROR] pid=16959       responseTimeout      = ResponseTimeoutDefault
2026-03-03 16:52:55 [INFO] pid=16959 RUN start: /opt/homebrew/bin/pandoc --standalone -V lang=en-US -t context+tagging /Users/computerk/Library/CloudStorage/Dropbox/Apps/Editorial/0_JALC/0_github/psy-132/exam_2_learning_memory_thinking/10_learning_text.md -o /Users/computerk/Library/CloudStorage/Dropbox/Apps/Editorial/0_JALC/0_github/psy-132/exam_2_learning_memory_thinking/10_learning_text_output.pdf
2026-03-03 16:52:55 [INFO] pid=16959 RUN end: rc=64 duration=0.043s cmd=/opt/homebrew/bin/pandoc --standalone -V lang=en-US -t context+tagging /Users/computerk/Library/CloudStorage/Dropbox/Apps/Editorial/0_JALC/0_github/psy-132/exam_2_learning_memory_thinking/10_learning_text.md -o /Users/computerk/Library/CloudStorage/Dropbox/Apps/Editorial/0_JALC/0_github/psy-132/exam_2_learning_memory_thinking/10_learning_text_output.pdf
2026-03-03 16:52:55 [ERROR] pid=16959 RUN stderr (first 4 lines):
2026-03-03 16:52:55 [ERROR] pid=16959   Error parsing YAML metadata at "/Users/computerk/Library/CloudStorage/Dropbox/Apps/Editorial/0_JALC/0_github/psy-132/exam_2_learning_memory_thinking/10_learning_text.md" (line 4, column 1):
2026-03-03 16:52:55 [ERROR] pid=16959   YAML parse exception at line 3, column 1,
2026-03-03 16:52:55 [ERROR] pid=16959   while scanning a tag:
2026-03-03 16:52:55 [ERROR] pid=16959   did not find expected whitespace or line break
2026-03-03 16:52:55 [WARNING] pid=16959 YAML metadata parse error; retrying ConTeXt tagging with YAML metadata parsing disabled.
2026-03-03 16:52:55 [INFO] pid=16959 RUN start: /opt/homebrew/bin/pandoc --standalone -V lang=en-US --from markdown-yaml_metadata_block -t context+tagging /Users/computerk/Library/CloudStorage/Dropbox/Apps/Editorial/0_JALC/0_github/psy-132/exam_2_learning_memory_thinking/10_learning_text.md -o /Users/computerk/Library/CloudStorage/Dropbox/Apps/Editorial/0_JALC/0_github/psy-132/exam_2_learning_memory_thinking/10_learning_text_output.pdf
2026-03-03 16:52:57 [INFO] pid=16959 RUN end: rc=43 duration=1.598s cmd=/opt/homebrew/bin/pandoc --standalone -V lang=en-US --from markdown-yaml_metadata_block -t context+tagging /Users/computerk/Library/CloudStorage/Dropbox/Apps/Editorial/0_JALC/0_github/psy-132/exam_2_learning_memory_thinking/10_learning_text.md -o /Users/computerk/Library/CloudStorage/Dropbox/Apps/Editorial/0_JALC/0_github/psy-132/exam_2_learning_memory_thinking/10_learning_text_output.pdf
2026-03-03 16:52:57 [ERROR] pid=16959 RUN stderr (first 12 lines):
2026-03-03 16:52:57 [ERROR] pid=16959   [WARNING] Could not fetch resource https://s3-us-west-2.amazonaws.com/courses-images-archive-read-only/wp-content/uploads/sites/902/2015/02/23224750/CNX_Psych_06_00_Turtles.jpg: HttpExceptionRequest Request {
2026-03-03 16:52:57 [ERROR] pid=16959       host                 = "s3-us-west-2.amazonaws.com"
2026-03-03 16:52:57 [ERROR] pid=16959       port                 = 443
2026-03-03 16:52:57 [ERROR] pid=16959       secure               = True
2026-03-03 16:52:57 [ERROR] pid=16959       requestHeaders       = []
2026-03-03 16:52:57 [ERROR] pid=16959       path                 = "/courses-images-archive-read-only/wp-content/uploads/sites/902/2015/02/23224750/CNX_Psych_06_00_Turtles.jpg"
2026-03-03 16:52:57 [ERROR] pid=16959       queryString          = ""
2026-03-03 16:52:57 [ERROR] pid=16959       method               = "GET"
2026-03-03 16:52:57 [ERROR] pid=16959       proxy                = Nothing
2026-03-03 16:52:57 [ERROR] pid=16959       rawBody              = False
2026-03-03 16:52:57 [ERROR] pid=16959       redirectCount        = 10
2026-03-03 16:52:57 [ERROR] pid=16959       responseTimeout      = ResponseTimeoutDefault
2026-03-03 16:52:57 [INFO] pid=16959 RUN start: /opt/homebrew/bin/pandoc --standalone -V lang=en-US /Users/computerk/Library/CloudStorage/Dropbox/Apps/Editorial/0_JALC/0_github/psy-132/exam_2_learning_memory_thinking/10_learning_text.md -o /var/folders/yr/3lylj85x4j5135mwj9zngf2m0000gn/T/pdf_accessibility_build_waqrjje1/10_learning_text.docx
2026-03-03 16:52:57 [INFO] pid=16959 RUN end: rc=64 duration=0.030s cmd=/opt/homebrew/bin/pandoc --standalone -V lang=en-US /Users/computerk/Library/CloudStorage/Dropbox/Apps/Editorial/0_JALC/0_github/psy-132/exam_2_learning_memory_thinking/10_learning_text.md -o /var/folders/yr/3lylj85x4j5135mwj9zngf2m0000gn/T/pdf_accessibility_build_waqrjje1/10_learning_text.docx
2026-03-03 16:52:57 [ERROR] pid=16959 RUN stderr (first 4 lines):
2026-03-03 16:52:57 [ERROR] pid=16959   Error parsing YAML metadata at "/Users/computerk/Library/CloudStorage/Dropbox/Apps/Editorial/0_JALC/0_github/psy-132/exam_2_learning_memory_thinking/10_learning_text.md" (line 4, column 1):
2026-03-03 16:52:57 [ERROR] pid=16959   YAML parse exception at line 3, column 1,
2026-03-03 16:52:57 [ERROR] pid=16959   while scanning a tag:
2026-03-03 16:52:57 [ERROR] pid=16959   did not find expected whitespace or line break
2026-03-03 16:52:57 [WARNING] pid=16959 YAML metadata parse error; retrying DOCX conversion with YAML metadata parsing disabled.
2026-03-03 16:52:57 [INFO] pid=16959 RUN start: /opt/homebrew/bin/pandoc --standalone -V lang=en-US --from markdown-yaml_metadata_block /Users/computerk/Library/CloudStorage/Dropbox/Apps/Editorial/0_JALC/0_github/psy-132/exam_2_learning_memory_thinking/10_learning_text.md -o /var/folders/yr/3lylj85x4j5135mwj9zngf2m0000gn/T/pdf_accessibility_build_waqrjje1/10_learning_text.docx
2026-03-03 16:52:58 [INFO] pid=16959 RUN end: rc=0 duration=0.536s cmd=/opt/homebrew/bin/pandoc --standalone -V lang=en-US --from markdown-yaml_metadata_block /Users/computerk/Library/CloudStorage/Dropbox/Apps/Editorial/0_JALC/0_github/psy-132/exam_2_learning_memory_thinking/10_learning_text.md -o /var/folders/yr/3lylj85x4j5135mwj9zngf2m0000gn/T/pdf_accessibility_build_waqrjje1/10_learning_text.docx
2026-03-03 16:52:58 [INFO] pid=16959 RUN start: /Applications/LibreOffice.app/Contents/MacOS/soffice --headless --nologo --nodefault --nolockcheck --norestore --convert-to pdf:writer_pdf_Export:{"PDFUACompliance":{"type":"boolean","value":"true"},"UseTaggedPDF":{"type":"boolean","value":"true"}} --outdir /Users/computerk/Library/CloudStorage/Dropbox/Apps/Editorial/0_JALC/0_github/psy-132/exam_2_learning_memory_thinking /var/folders/yr/3lylj85x4j5135mwj9zngf2m0000gn/T/pdf_accessibility_build_waqrjje1/10_learning_text.docx
2026-03-04 10:57:43 [INFO] pid=16959 RUN end: rc=-6 duration=65085.755s cmd=/Applications/LibreOffice.app/Contents/MacOS/soffice --headless --nologo --nodefault --nolockcheck --norestore --convert-to pdf:writer_pdf_Export:{"PDFUACompliance":{"type":"boolean","value":"true"},"UseTaggedPDF":{"type":"boolean","value":"true"}} --outdir /Users/computerk/Library/CloudStorage/Dropbox/Apps/Editorial/0_JALC/0_github/psy-132/exam_2_learning_memory_thinking /var/folders/yr/3lylj85x4j5135mwj9zngf2m0000gn/T/pdf_accessibility_build_waqrjje1/10_learning_text.docx
2026-03-04 10:57:43 [ERROR] pid=16959 Run finished: failures detected. exit_code=1
